[debug] [2022-04-07T14:30:15.549Z] ----------------------------------------------------------------------
[debug] [2022-04-07T14:30:15.550Z] Command:       /usr/local/bin/node /usr/local/bin/firebase init
[debug] [2022-04-07T14:30:15.551Z] CLI Version:   10.4.2
[debug] [2022-04-07T14:30:15.551Z] Platform:      darwin
[debug] [2022-04-07T14:30:15.551Z] Node Version:  v16.13.0
[debug] [2022-04-07T14:30:15.558Z] Time:          Thu Apr 07 2022 15:30:15 GMT+0100 (Irish Standard Time)
[debug] [2022-04-07T14:30:15.558Z] ----------------------------------------------------------------------
[debug] 
[debug] [2022-04-07T14:30:15.561Z] >>> [apiv2][query] GET https://firebase-public.firebaseio.com/cli.json [none]
[debug] [2022-04-07T14:30:15.668Z] > command requires scopes: ["email","openid","https://www.googleapis.com/auth/cloudplatformprojects.readonly","https://www.googleapis.com/auth/firebase","https://www.googleapis.com/auth/cloud-platform"]
[debug] [2022-04-07T14:30:15.668Z] > authorizing via signed-in user (rmalone66@gmail.com)
[info] 
     ######## #### ########  ######## ########     ###     ######  ########
     ##        ##  ##     ## ##       ##     ##  ##   ##  ##       ##
     ######    ##  ########  ######   ########  #########  ######  ######
     ##        ##  ##    ##  ##       ##     ## ##     ##       ## ##
     ##       #### ##     ## ######## ########  ##     ##  ######  ########

You're about to initialize a Firebase project in this directory:

  /Users/ryan/Downloads/recipe-finder 2

Before we get started, keep in mind:

  * You are initializing within an existing Firebase project directory

[debug] [2022-04-07T14:30:16.225Z] <<< [apiv2][status] GET https://firebase-public.firebaseio.com/cli.json 200
[debug] [2022-04-07T14:30:16.225Z] <<< [apiv2][body] GET https://firebase-public.firebaseio.com/cli.json {"cloudBuildErrorAfter":1594252800000,"cloudBuildWarnAfter":1590019200000,"defaultNode10After":1594252800000,"minVersion":"3.0.5","node8DeploysDisabledAfter":1613390400000,"node8RuntimeDisabledAfter":1615809600000,"node8WarnAfter":1600128000000}
